call "C:\System.Sav\Util\TDC\MCPP\UnitData\SUBs\UnitData_ROUNTER.CMD" "IMGCHK_INFO" "ChkErr" "C:\system.sav\Logs\CheckLog\ChkErr_PASS1_PreOSEUE_END.log" 
Active code page: 437
#############################################################
 [Fri 04/28/2023]                                                    
 [10:58:05.77] Beginning of the UnitData_ROUNTER.CMD args: "IMGCHK_INFO" "ChkErr" "C:\system.sav\Logs\CheckLog\ChkErr_PASS1_PreOSEUE_END.log"               
#############################################################
CPSUnitData_00092200MD_20230428102634.XML
xmlName=[CPSUnitData_00092200MD_20230428102634.XML]
xmlPath=[c:\system.sav\WDT\Logs\CPSUnitData_00092200MD_20230428102634.XML]
resultIniPath=[C:\System.sav\WDT\Result.ini]
Check ErrorNumber= in result.ini
uiaCode=[945]
uiaMsg=[error happened at preos - pass1]
Get PO from MYSYSTEM.ini
INI_MASTER_PO=[HE23M01-HSCPTABA]
INI_ORDER_PO=[]
After pass1 DPS
MASTER_PO=[HE23M01-HSCPTABA]
Search order PO, pass2, before DPS
ORDER_PO=[]
PO=[HE23M01-HSCPTABA]
Get DPS_PO
 Volume in drive C has no label.
 Volume Serial Number is F640-6941

 Directory of c:\system.sav

04/28/2023  02:12 AM            14,518 00092200MD3B_DPS
               1 File(s)         14,518 bytes
               0 Dir(s)  23,352,614,912 bytes free
PASS2 scenario, there may be more than one _DPS files, check DPS from MASTER_PO

---------- C:\SYSTEM.SAV\00092200MD3B_DPS
;InputPO=HE23M01-HSCPTABA
DPS_PO=[00092200MD3B_DPS] by master PO 
==== Check result of ChkError log ======
"C:\System.Sav\Util\TDC\MCPP\UnitData\Subs\BigData_imagecheck.exe"  -passName="ChkErr" -uiaCode="945" -xml="c:\system.sav\WDT\Logs\CPSUnitData_00092200MD_20230428102634.XML" -checklog="C:\system.sav\Logs\CheckLog\ChkErr_PASS1_PreOSEUE_END.log" -log="c:\System.sav\LOGS\UnitData\UnitData_ROUNTER.log"
errorlevel=0
Update xml file name from MAIN section

---------- C:\SYSTEM.SAV\WDT\LOGS\CPSUNITDATA_00092200MD_20230428102634.XML
		<p name="LOG File" value="00092200MD_20230428102634.zip"/>
cscript.exe /nologo "C:\System.Sav\Util\TDC\MCPP\UnitData\Subs\XMLPARSER.VBS" -XML="c:\system.sav\WDT\Logs\CPSUnitData_00092200MD_20230428102634.XML" /func=readnote /xpath="/cps/main/p[contains(@name,'LOG File')]/@value"
Value=00092200MD_20230428102634.zip
BaseName=[00092200MD_20230428102634]
BaseName=[00092200MD_20230428102634]
Create PLCFN.cmd for Pin Log Collector
SET PLCFN=00092200MD_20230428102634.zip
Backup output XML
xcopy /y /f "c:\system.sav\WDT\Logs\CPSUnitData_00092200MD_20230428102634.XML" "c:\System.sav\LOGS\UnitData\"
C:\system.sav\WDT\Logs\CPSUnitData_00092200MD_20230428102634.XML -> C:\System.sav\LOGS\UnitData\CPSUnitData_00092200MD_20230428102634.XML
1 File(s) copied
RESULT=PASSED 
call "C:\System.Sav\Util\TDC\MCPP\UnitData\SUBs\UnitData_ROUNTER.CMD" "IMGCHK_INFO" "ChkErr" "C:\system.sav\Logs\CheckLog\ChkErr_PASS1_Before_Capture_Index_2_and_3.log" 
Active code page: 437
#############################################################
 [Fri 04/28/2023]                                                    
 [11:28:07.36] Beginning of the UnitData_ROUNTER.CMD args: "IMGCHK_INFO" "ChkErr" "C:\system.sav\Logs\CheckLog\ChkErr_PASS1_Before_Capture_Index_2_and_3.log"               
#############################################################
CPSUnitData_00092200MD_20230428102634.XML
xmlName=[CPSUnitData_00092200MD_20230428102634.XML]
xmlPath=[c:\system.sav\WDT\Logs\CPSUnitData_00092200MD_20230428102634.XML]
resultIniPath=[C:\System.sav\WDT\Result.ini]
Check ErrorNumber= in result.ini
uiaCode=[947]
uiaMsg=[error happened at the end of pass1]
Get PO from MYSYSTEM.ini
INI_MASTER_PO=[HE23M01-HSCPTABA]
INI_ORDER_PO=[]
After pass1 DPS
MASTER_PO=[HE23M01-HSCPTABA]
Search order PO, pass2, before DPS
ORDER_PO=[]
PO=[HE23M01-HSCPTABA]
Get DPS_PO
 Volume in drive C has no label.
 Volume Serial Number is F640-6941

 Directory of c:\system.sav

04/28/2023  02:12 AM            14,518 00092200MD3B_DPS
               1 File(s)         14,518 bytes
               0 Dir(s)  26,747,883,520 bytes free
PASS2 scenario, there may be more than one _DPS files, check DPS from MASTER_PO

---------- C:\SYSTEM.SAV\00092200MD3B_DPS
;InputPO=HE23M01-HSCPTABA
DPS_PO=[00092200MD3B_DPS] by master PO 
==== Check result of ChkError log ======
"C:\System.Sav\Util\TDC\MCPP\UnitData\Subs\BigData_imagecheck.exe"  -passName="ChkErr" -uiaCode="947" -xml="c:\system.sav\WDT\Logs\CPSUnitData_00092200MD_20230428102634.XML" -checklog="C:\system.sav\Logs\CheckLog\ChkErr_PASS1_Before_Capture_Index_2_and_3.log" -log="c:\System.sav\LOGS\UnitData\UnitData_ROUNTER.log"
errorlevel=0
Update xml file name from MAIN section

---------- C:\SYSTEM.SAV\WDT\LOGS\CPSUNITDATA_00092200MD_20230428102634.XML
		<p name="LOG File" value="00092200MD_20230428102634.zip"/>
cscript.exe /nologo "C:\System.Sav\Util\TDC\MCPP\UnitData\Subs\XMLPARSER.VBS" -XML="c:\system.sav\WDT\Logs\CPSUnitData_00092200MD_20230428102634.XML" /func=readnote /xpath="/cps/main/p[contains(@name,'LOG File')]/@value"
Value=00092200MD_20230428102634.zip
BaseName=[00092200MD_20230428102634]
BaseName=[00092200MD_20230428102634]
Create PLCFN.cmd for Pin Log Collector
SET PLCFN=00092200MD_20230428102634.zip
Backup output XML
xcopy /y /f "c:\system.sav\WDT\Logs\CPSUnitData_00092200MD_20230428102634.XML" "c:\System.sav\LOGS\UnitData\"
C:\system.sav\WDT\Logs\CPSUnitData_00092200MD_20230428102634.XML -> C:\System.sav\LOGS\UnitData\CPSUnitData_00092200MD_20230428102634.XML
1 File(s) copied
RESULT=PASSED 
call "C:\System.Sav\Util\TDC\MCPP\UnitData\SUBs\UnitData_ROUNTER.CMD" "IMGCHK_INFO" "ChkErr" "C:\system.sav\Logs\CheckLog\ChkErr_PASS1_1stGS_CHECK.log" 
Active code page: 437
#############################################################
 [Fri 04/28/2023]                                                    
 [11:29:32.76] Beginning of the UnitData_ROUNTER.CMD args: "IMGCHK_INFO" "ChkErr" "C:\system.sav\Logs\CheckLog\ChkErr_PASS1_1stGS_CHECK.log"               
#############################################################
CPSUnitData_00092200MD_20230428102634.XML
xmlName=[CPSUnitData_00092200MD_20230428102634.XML]
xmlPath=[c:\system.sav\WDT\Logs\CPSUnitData_00092200MD_20230428102634.XML]
resultIniPath=[C:\System.sav\WDT\Result.ini]
Check ErrorNumber= in result.ini
uiaCode=[949]
uiaMsg=[Error happened at DiskUT.bto PASS1]
Get PO from MYSYSTEM.ini
INI_MASTER_PO=[HE23M01-HSCPTABA]
INI_ORDER_PO=[]
After pass1 DPS
MASTER_PO=[HE23M01-HSCPTABA]
Search order PO, pass2, before DPS
ORDER_PO=[]
PO=[HE23M01-HSCPTABA]
Get DPS_PO
 Volume in drive C has no label.
 Volume Serial Number is F640-6941

 Directory of c:\system.sav

04/28/2023  02:12 AM            14,518 00092200MD3B_DPS
               1 File(s)         14,518 bytes
               0 Dir(s)  27,169,157,120 bytes free
PASS2 scenario, there may be more than one _DPS files, check DPS from MASTER_PO

---------- C:\SYSTEM.SAV\00092200MD3B_DPS
;InputPO=HE23M01-HSCPTABA
DPS_PO=[00092200MD3B_DPS] by master PO 
==== Check result of ChkError log ======
"C:\System.Sav\Util\TDC\MCPP\UnitData\Subs\BigData_imagecheck.exe"  -passName="ChkErr" -uiaCode="949" -xml="c:\system.sav\WDT\Logs\CPSUnitData_00092200MD_20230428102634.XML" -checklog="C:\system.sav\Logs\CheckLog\ChkErr_PASS1_1stGS_CHECK.log" -log="c:\System.sav\LOGS\UnitData\UnitData_ROUNTER.log"
errorlevel=0
Update xml file name from MAIN section

---------- C:\SYSTEM.SAV\WDT\LOGS\CPSUNITDATA_00092200MD_20230428102634.XML
		<p name="LOG File" value="00092200MD_20230428102634.zip"/>
cscript.exe /nologo "C:\System.Sav\Util\TDC\MCPP\UnitData\Subs\XMLPARSER.VBS" -XML="c:\system.sav\WDT\Logs\CPSUnitData_00092200MD_20230428102634.XML" /func=readnote /xpath="/cps/main/p[contains(@name,'LOG File')]/@value"
Value=00092200MD_20230428102634.zip
BaseName=[00092200MD_20230428102634]
BaseName=[00092200MD_20230428102634]
Create PLCFN.cmd for Pin Log Collector
SET PLCFN=00092200MD_20230428102634.zip
Backup output XML
xcopy /y /f "c:\system.sav\WDT\Logs\CPSUnitData_00092200MD_20230428102634.XML" "c:\System.sav\LOGS\UnitData\"
C:\system.sav\WDT\Logs\CPSUnitData_00092200MD_20230428102634.XML -> C:\System.sav\LOGS\UnitData\CPSUnitData_00092200MD_20230428102634.XML
1 File(s) copied
RESULT=PASSED 
call "C:\System.Sav\Util\TDC\MCPP\UnitData\SUBs\UnitData_ROUNTER.CMD" "IMGCHK_INFO" "ChkErr" "C:\system.sav\Logs\CheckLog\ChkErr_PASS2_FUpdate_END.log" 
Active code page: 437
#############################################################
 [Sat 09/16/2023]                                                    
 [ 0:23:00.13] Beginning of the UnitData_ROUNTER.CMD args: "IMGCHK_INFO" "ChkErr" "C:\system.sav\Logs\CheckLog\ChkErr_PASS2_FUpdate_END.log"               
#############################################################
CPSUnitData_5CG33749P9_20230916001426.XML
xmlName=[CPSUnitData_5CG33749P9_20230916001426.XML]
xmlPath=[c:\system.sav\WDT\Logs\CPSUnitData_5CG33749P9_20230916001426.XML]
resultIniPath=[C:\System.sav\WDT\Result.ini]
Check ErrorNumber= in result.ini
uiaCode=[951]
uiaMsg=[PASS2_FIXUPS]
Get PO from MYSYSTEM.ini
INI_MASTER_PO=[HE23M01-HSCPTABA]
INI_ORDER_PO=[PCIJ72AAB00Y]
After pass1 DPS
MASTER_PO=[HE23M01-HSCPTABA]
Pass2, after DPS
ORDER_PO=[PCIJ72AAB00Y]
PO=[PCIJ72AAB00Y]
Get DPS_PO
 Volume in drive C is Windows
 Volume Serial Number is D4D1-7892

 Directory of c:\system.sav

04/28/2023  02:12 AM            14,518 00092200MD3B_DPS
               1 File(s)         14,518 bytes
               0 Dir(s)  46,308,995,072 bytes free
PASS2 scenario, there may be more than one _DPS files, check DPS from MASTER_PO

---------- C:\SYSTEM.SAV\00092200MD3B_DPS

---------- C:\SYSTEM.SAV\00092200MD3B_DPS
;InputPO=HE23M01-HSCPTABA
DPS_PO=[00092200MD3B_DPS] by master PO 
==== Check result of ChkError log ======
"C:\System.Sav\Util\TDC\MCPP\UnitData\Subs\BigData_imagecheck.exe"  -passName="ChkErr" -uiaCode="951" -xml="c:\system.sav\WDT\Logs\CPSUnitData_5CG33749P9_20230916001426.XML" -checklog="C:\system.sav\Logs\CheckLog\ChkErr_PASS2_FUpdate_END.log" -log="c:\System.sav\LOGS\UnitData\UnitData_ROUNTER.log"
errorlevel=0
Update xml file name from MAIN section

---------- C:\SYSTEM.SAV\WDT\LOGS\CPSUNITDATA_5CG33749P9_20230916001426.XML
		<p name="LOG File" value="5CG33749P9_20230916001426.zip"/>
cscript.exe /nologo "C:\System.Sav\Util\TDC\MCPP\UnitData\Subs\XMLPARSER.VBS" -XML="c:\system.sav\WDT\Logs\CPSUnitData_5CG33749P9_20230916001426.XML" /func=readnote /xpath="/cps/main/p[contains(@name,'LOG File')]/@value"
Value=5CG33749P9_20230916001426.zip
BaseName=[5CG33749P9_20230916001426]
BaseName=[5CG33749P9_20230916001426]
Create PLCFN.cmd for Pin Log Collector
SET PLCFN=5CG33749P9_20230916001426.zip
Backup output XML
xcopy /y /f "c:\system.sav\WDT\Logs\CPSUnitData_5CG33749P9_20230916001426.XML" "c:\System.sav\LOGS\UnitData\"
C:\system.sav\WDT\Logs\CPSUnitData_5CG33749P9_20230916001426.XML -> C:\System.sav\LOGS\UnitData\CPSUnitData_5CG33749P9_20230916001426.XML
1 File(s) copied
RESULT=PASSED 
call "C:\System.Sav\Util\TDC\MCPP\UnitData\SUBs\UnitData_ROUNTER.CMD" "IMGCHK_INFO" "ChkErr" "C:\system.sav\Logs\CheckLog\ChkErr_PASS2_BBV1.log" 
Active code page: 437
#############################################################
 [Sat 09/16/2023]                                                    
 [ 0:45:10.59] Beginning of the UnitData_ROUNTER.CMD args: "IMGCHK_INFO" "ChkErr" "C:\system.sav\Logs\CheckLog\ChkErr_PASS2_BBV1.log"               
#############################################################
CPSUnitData_5CG33749P9_20230916001426.XML
xmlName=[CPSUnitData_5CG33749P9_20230916001426.XML]
xmlPath=[c:\system.sav\WDT\Logs\CPSUnitData_5CG33749P9_20230916001426.XML]
resultIniPath=[C:\System.sav\WDT\Result.ini]
Check ErrorNumber= in result.ini
uiaCode=[954]
uiaMsg=[PASS2_BBV2_PI]
Get PO from MYSYSTEM.ini
INI_MASTER_PO=[HE23M01-HSCPTABA]
INI_ORDER_PO=[PCIJ72AAB00Y]
After pass1 DPS
MASTER_PO=[HE23M01-HSCPTABA]
Pass2, after DPS
ORDER_PO=[PCIJ72AAB00Y]
PO=[PCIJ72AAB00Y]
Get DPS_PO
 Volume in drive C is Windows
 Volume Serial Number is D4D1-7892

 Directory of c:\system.sav

04/28/2023  03:12 AM            14,518 00092200MD3B_DPS
               1 File(s)         14,518 bytes
               0 Dir(s)  42,036,903,936 bytes free
PASS2 scenario, there may be more than one _DPS files, check DPS from MASTER_PO

---------- C:\SYSTEM.SAV\00092200MD3B_DPS

---------- C:\SYSTEM.SAV\00092200MD3B_DPS
;InputPO=HE23M01-HSCPTABA
DPS_PO=[00092200MD3B_DPS] by master PO 
==== Check result of ChkError log ======
"C:\System.Sav\Util\TDC\MCPP\UnitData\Subs\BigData_imagecheck.exe"  -passName="ChkErr" -uiaCode="954" -xml="c:\system.sav\WDT\Logs\CPSUnitData_5CG33749P9_20230916001426.XML" -checklog="C:\system.sav\Logs\CheckLog\ChkErr_PASS2_BBV1.log" -log="c:\System.sav\LOGS\UnitData\UnitData_ROUNTER.log"
errorlevel=0
Update xml file name from MAIN section

---------- C:\SYSTEM.SAV\WDT\LOGS\CPSUNITDATA_5CG33749P9_20230916001426.XML
		<p name="LOG File" value="5CG33749P9_20230916001426.zip"/>
cscript.exe /nologo "C:\System.Sav\Util\TDC\MCPP\UnitData\Subs\XMLPARSER.VBS" -XML="c:\system.sav\WDT\Logs\CPSUnitData_5CG33749P9_20230916001426.XML" /func=readnote /xpath="/cps/main/p[contains(@name,'LOG File')]/@value"
Value=5CG33749P9_20230916001426.zip
BaseName=[5CG33749P9_20230916001426]
BaseName=[5CG33749P9_20230916001426]
Create PLCFN.cmd for Pin Log Collector
SET PLCFN=5CG33749P9_20230916001426.zip
Backup output XML
xcopy /y /f "c:\system.sav\WDT\Logs\CPSUnitData_5CG33749P9_20230916001426.XML" "c:\System.sav\LOGS\UnitData\"
C:\system.sav\WDT\Logs\CPSUnitData_5CG33749P9_20230916001426.XML -> C:\System.sav\LOGS\UnitData\CPSUnitData_5CG33749P9_20230916001426.XML
1 File(s) copied
RESULT=PASSED 
call "C:\System.Sav\Util\TDC\MCPP\UnitData\SUBs\UnitData_ROUNTER.CMD" "IMGCHK_INFO" "ChkErr" "C:\system.sav\Logs\CheckLog\ChkErr_PASS2_BBVClean.log" 
Active code page: 437
#############################################################
 [Sat 09/16/2023]                                                    
 [ 0:54:27.44] Beginning of the UnitData_ROUNTER.CMD args: "IMGCHK_INFO" "ChkErr" "C:\system.sav\Logs\CheckLog\ChkErr_PASS2_BBVClean.log"               
#############################################################
CPSUnitData_5CG33749P9_20230916001426.XML
xmlName=[CPSUnitData_5CG33749P9_20230916001426.XML]
xmlPath=[c:\system.sav\WDT\Logs\CPSUnitData_5CG33749P9_20230916001426.XML]
resultIniPath=[C:\System.sav\WDT\Result.ini]
Check ErrorNumber= in result.ini
uiaCode=[957]
uiaMsg=[Started_BBVClean_phase_in_PASS2]
Get PO from MYSYSTEM.ini
INI_MASTER_PO=[HE23M01-HSCPTABA]
INI_ORDER_PO=[PCIJ72AAB00Y]
After pass1 DPS
MASTER_PO=[HE23M01-HSCPTABA]
Pass2, after DPS
ORDER_PO=[PCIJ72AAB00Y]
PO=[PCIJ72AAB00Y]
Get DPS_PO
 Volume in drive C is Windows
 Volume Serial Number is D4D1-7892

 Directory of c:\system.sav

04/28/2023  03:12 AM            14,518 00092200MD3B_DPS
               1 File(s)         14,518 bytes
               0 Dir(s)  41,228,910,592 bytes free
PASS2 scenario, there may be more than one _DPS files, check DPS from MASTER_PO

---------- C:\SYSTEM.SAV\00092200MD3B_DPS

---------- C:\SYSTEM.SAV\00092200MD3B_DPS
;InputPO=HE23M01-HSCPTABA
DPS_PO=[00092200MD3B_DPS] by master PO 
==== Check result of ChkError log ======
"C:\System.Sav\Util\TDC\MCPP\UnitData\Subs\BigData_imagecheck.exe"  -passName="ChkErr" -uiaCode="957" -xml="c:\system.sav\WDT\Logs\CPSUnitData_5CG33749P9_20230916001426.XML" -checklog="C:\system.sav\Logs\CheckLog\ChkErr_PASS2_BBVClean.log" -log="c:\System.sav\LOGS\UnitData\UnitData_ROUNTER.log"
errorlevel=0
Update xml file name from MAIN section

---------- C:\SYSTEM.SAV\WDT\LOGS\CPSUNITDATA_5CG33749P9_20230916001426.XML
		<p name="LOG File" value="5CG33749P9_20230916001426.zip"/>
cscript.exe /nologo "C:\System.Sav\Util\TDC\MCPP\UnitData\Subs\XMLPARSER.VBS" -XML="c:\system.sav\WDT\Logs\CPSUnitData_5CG33749P9_20230916001426.XML" /func=readnote /xpath="/cps/main/p[contains(@name,'LOG File')]/@value"
Value=5CG33749P9_20230916001426.zip
BaseName=[5CG33749P9_20230916001426]
BaseName=[5CG33749P9_20230916001426]
Create PLCFN.cmd for Pin Log Collector
SET PLCFN=5CG33749P9_20230916001426.zip
Backup output XML
xcopy /y /f "c:\system.sav\WDT\Logs\CPSUnitData_5CG33749P9_20230916001426.XML" "c:\System.sav\LOGS\UnitData\"
C:\system.sav\WDT\Logs\CPSUnitData_5CG33749P9_20230916001426.XML -> C:\System.sav\LOGS\UnitData\CPSUnitData_5CG33749P9_20230916001426.XML
1 File(s) copied
RESULT=PASSED 
call "C:\System.Sav\Util\TDC\MCPP\UnitData\SUBs\UnitData_ROUNTER.CMD" "IMGCHK_INFO" "ChkErr" "C:\system.sav\Logs\CheckLog\ChkErr_PASS2_PRE_2NDCAP.log" 
Active code page: 437
#############################################################
 [Sat 09/16/2023]                                                    
 [ 1:12:06.15] Beginning of the UnitData_ROUNTER.CMD args: "IMGCHK_INFO" "ChkErr" "C:\system.sav\Logs\CheckLog\ChkErr_PASS2_PRE_2NDCAP.log"               
#############################################################
CPSUnitData_5CG33749P9_20230916001426.XML
xmlName=[CPSUnitData_5CG33749P9_20230916001426.XML]
xmlPath=[c:\system.sav\WDT\Logs\CPSUnitData_5CG33749P9_20230916001426.XML]
resultIniPath=[C:\System.sav\WDT\Result.ini]
Check ErrorNumber= in result.ini
uiaCode=[961]
uiaMsg=[Started_2nd_Capture_phase_in_PASS2]
Get PO from MYSYSTEM.ini
INI_MASTER_PO=[HE23M01-HSCPTABA]
INI_ORDER_PO=[PCIJ72AAB00Y]
After pass1 DPS
MASTER_PO=[HE23M01-HSCPTABA]
Pass2, after DPS
ORDER_PO=[PCIJ72AAB00Y]
PO=[PCIJ72AAB00Y]
Get DPS_PO
 Volume in drive C is Windows
 Volume Serial Number is D4D1-7892

 Directory of c:\system.sav

04/28/2023  02:12 AM            14,518 00092200MD3B_DPS
               1 File(s)         14,518 bytes
               0 Dir(s)  41,879,924,736 bytes free
PASS2 scenario, there may be more than one _DPS files, check DPS from MASTER_PO

---------- C:\SYSTEM.SAV\00092200MD3B_DPS

---------- C:\SYSTEM.SAV\00092200MD3B_DPS
;InputPO=HE23M01-HSCPTABA
DPS_PO=[00092200MD3B_DPS] by master PO 
==== Check result of ChkError log ======
"C:\System.Sav\Util\TDC\MCPP\UnitData\Subs\BigData_imagecheck.exe"  -passName="ChkErr" -uiaCode="961" -xml="c:\system.sav\WDT\Logs\CPSUnitData_5CG33749P9_20230916001426.XML" -checklog="C:\system.sav\Logs\CheckLog\ChkErr_PASS2_PRE_2NDCAP.log" -log="c:\System.sav\LOGS\UnitData\UnitData_ROUNTER.log"
errorlevel=0
Update xml file name from MAIN section

---------- C:\SYSTEM.SAV\WDT\LOGS\CPSUNITDATA_5CG33749P9_20230916001426.XML
		<p name="LOG File" value="5CG33749P9_20230916001426.zip"/>
cscript.exe /nologo "C:\System.Sav\Util\TDC\MCPP\UnitData\Subs\XMLPARSER.VBS" -XML="c:\system.sav\WDT\Logs\CPSUnitData_5CG33749P9_20230916001426.XML" /func=readnote /xpath="/cps/main/p[contains(@name,'LOG File')]/@value"
Value=5CG33749P9_20230916001426.zip
BaseName=[5CG33749P9_20230916001426]
BaseName=[5CG33749P9_20230916001426]
Create PLCFN.cmd for Pin Log Collector
SET PLCFN=5CG33749P9_20230916001426.zip
Backup output XML
xcopy /y /f "c:\system.sav\WDT\Logs\CPSUnitData_5CG33749P9_20230916001426.XML" "c:\System.sav\LOGS\UnitData\"
C:\system.sav\WDT\Logs\CPSUnitData_5CG33749P9_20230916001426.XML -> C:\System.sav\LOGS\UnitData\CPSUnitData_5CG33749P9_20230916001426.XML
1 File(s) copied
RESULT=PASSED 
call "C:\System.Sav\Util\TDC\MCPP\UnitData\SUBs\UnitData_ROUNTER.CMD" "IMGCHK_INFO" "ChkErr" "C:\system.sav\Logs\CheckLog\ChkErr_PASS3_BBV3.log" 
Active code page: 437
#############################################################
 [Sat 09/16/2023]                                                    
 [ 1:21:16.60] Beginning of the UnitData_ROUNTER.CMD args: "IMGCHK_INFO" "ChkErr" "C:\system.sav\Logs\CheckLog\ChkErr_PASS3_BBV3.log"               
#############################################################
CPSUnitData_5CG33749P9_20230916001426.XML
xmlName=[CPSUnitData_5CG33749P9_20230916001426.XML]
xmlPath=[c:\system.sav\WDT\Logs\CPSUnitData_5CG33749P9_20230916001426.XML]
resultIniPath=[C:\System.sav\WDT\Result.ini]
Check ErrorNumber= in result.ini
uiaCode=[972]
uiaMsg=[IN_OA3Proc_CMD]
Get PO from MYSYSTEM.ini
INI_MASTER_PO=[HE23M01-HSCPTABA]
INI_ORDER_PO=[PCIJ72AAB00Y]
After pass1 DPS
MASTER_PO=[HE23M01-HSCPTABA]
Pass2, after DPS
ORDER_PO=[PCIJ72AAB00Y]
PO=[PCIJ72AAB00Y]
Get DPS_PO
 Volume in drive C is Windows
 Volume Serial Number is D4D1-7892

 Directory of c:\system.sav

04/28/2023  03:12 AM            14,518 00092200MD3B_DPS
               1 File(s)         14,518 bytes
               0 Dir(s)  38,647,140,352 bytes free
PASS2 scenario, there may be more than one _DPS files, check DPS from MASTER_PO

---------- C:\SYSTEM.SAV\00092200MD3B_DPS

---------- C:\SYSTEM.SAV\00092200MD3B_DPS
;InputPO=HE23M01-HSCPTABA
DPS_PO=[00092200MD3B_DPS] by master PO 
==== Check result of ChkError log ======
"C:\System.Sav\Util\TDC\MCPP\UnitData\Subs\BigData_imagecheck.exe"  -passName="ChkErr" -uiaCode="972" -xml="c:\system.sav\WDT\Logs\CPSUnitData_5CG33749P9_20230916001426.XML" -checklog="C:\system.sav\Logs\CheckLog\ChkErr_PASS3_BBV3.log" -log="c:\System.sav\LOGS\UnitData\UnitData_ROUNTER.log"
errorlevel=0
Update xml file name from MAIN section

---------- C:\SYSTEM.SAV\WDT\LOGS\CPSUNITDATA_5CG33749P9_20230916001426.XML
		<p name="LOG File" value="5CG33749P9_20230916001426.zip"/>
cscript.exe /nologo "C:\System.Sav\Util\TDC\MCPP\UnitData\Subs\XMLPARSER.VBS" -XML="c:\system.sav\WDT\Logs\CPSUnitData_5CG33749P9_20230916001426.XML" /func=readnote /xpath="/cps/main/p[contains(@name,'LOG File')]/@value"
Value=5CG33749P9_20230916001426.zip
BaseName=[5CG33749P9_20230916001426]
BaseName=[5CG33749P9_20230916001426]
Create PLCFN.cmd for Pin Log Collector
SET PLCFN=5CG33749P9_20230916001426.zip
Backup output XML
xcopy /y /f "c:\system.sav\WDT\Logs\CPSUnitData_5CG33749P9_20230916001426.XML" "c:\System.sav\LOGS\UnitData\"
C:\system.sav\WDT\Logs\CPSUnitData_5CG33749P9_20230916001426.XML -> C:\System.sav\LOGS\UnitData\CPSUnitData_5CG33749P9_20230916001426.XML
1 File(s) copied
RESULT=PASSED 
call "C:\System.Sav\Util\TDC\MCPP\UnitData\SUBs\UnitData_ROUNTER.CMD" "IMGCHK_INFO" "ChkErr" "C:\system.sav\Logs\CheckLog\ChkErr_PASS3_LOGOUT.log" 
Active code page: 437
#############################################################
 [Sat 09/16/2023]                                                    
 [ 1:33:04.42] Beginning of the UnitData_ROUNTER.CMD args: "IMGCHK_INFO" "ChkErr" "C:\system.sav\Logs\CheckLog\ChkErr_PASS3_LOGOUT.log"               
#############################################################
CPSUnitData_5CG33749P9_20230916001426.XML
xmlName=[CPSUnitData_5CG33749P9_20230916001426.XML]
xmlPath=[c:\system.sav\WDT\Logs\CPSUnitData_5CG33749P9_20230916001426.XML]
resultIniPath=[C:\System.sav\WDT\Result.ini]
Check ErrorNumber= in result.ini
uiaCode=[975]
uiaMsg=[ENTERED_LOGOUT_PE]
Get PO from MYSYSTEM.ini
INI_MASTER_PO=[HE23M01-HSCPTABA]
INI_ORDER_PO=[PCIJ72AAB00Y]
After pass1 DPS
MASTER_PO=[HE23M01-HSCPTABA]
Pass2, after DPS
ORDER_PO=[PCIJ72AAB00Y]
PO=[PCIJ72AAB00Y]
Get DPS_PO
 Volume in drive C is Windows
 Volume Serial Number is D4D1-7892

 Directory of c:\system.sav

09/16/2023  01:32 AM            11,805 00092200MD3B_DPS
               1 File(s)         11,805 bytes
               0 Dir(s)  41,448,275,968 bytes free
PASS2 scenario, there may be more than one _DPS files, check DPS from MASTER_PO

---------- C:\SYSTEM.SAV\00092200MD3B_DPS

---------- C:\SYSTEM.SAV\00092200MD3B_DPS
;InputPO=HE23M01-HSCPTABA
DPS_PO=[00092200MD3B_DPS] by master PO 
==== Check result of ChkError log ======
"C:\System.Sav\Util\TDC\MCPP\UnitData\Subs\BigData_imagecheck.exe"  -passName="ChkErr" -uiaCode="975" -xml="c:\system.sav\WDT\Logs\CPSUnitData_5CG33749P9_20230916001426.XML" -checklog="C:\system.sav\Logs\CheckLog\ChkErr_PASS3_LOGOUT.log" -log="c:\System.sav\LOGS\UnitData\UnitData_ROUNTER.log"
errorlevel=0
Update xml file name from MAIN section

---------- C:\SYSTEM.SAV\WDT\LOGS\CPSUNITDATA_5CG33749P9_20230916001426.XML
		<p name="LOG File" value="5CG33749P9_20230916001426.zip"/>
cscript.exe /nologo "C:\System.Sav\Util\TDC\MCPP\UnitData\Subs\XMLPARSER.VBS" -XML="c:\system.sav\WDT\Logs\CPSUnitData_5CG33749P9_20230916001426.XML" /func=readnote /xpath="/cps/main/p[contains(@name,'LOG File')]/@value"
Value=5CG33749P9_20230916001426.zip
BaseName=[5CG33749P9_20230916001426]
BaseName=[5CG33749P9_20230916001426]
Create PLCFN.cmd for Pin Log Collector
SET PLCFN=5CG33749P9_20230916001426.zip
Backup output XML
xcopy /y /f "c:\system.sav\WDT\Logs\CPSUnitData_5CG33749P9_20230916001426.XML" "c:\System.sav\LOGS\UnitData\"
C:\system.sav\WDT\Logs\CPSUnitData_5CG33749P9_20230916001426.XML -> C:\System.sav\LOGS\UnitData\CPSUnitData_5CG33749P9_20230916001426.XML
1 File(s) copied
RESULT=PASSED 
